[2024-10-06 11:53:26,727: WARNING/MainProcess] /usr/local/lib/python3.10/site-packages/celery/worker/consumer/consumer.py:508: CPendingDeprecationWarning: The broker_connection_retry configuration setting will no longer determine
whether broker connection retries are made during startup in Celery 6.0 and above.
If you wish to retain the existing behavior for retrying connections on startup,
you should set broker_connection_retry_on_startup to True.
  warnings.warn(

[2024-10-06 11:53:26,736: INFO/MainProcess] Connected to redis://localhost:6379/0
[2024-10-06 11:53:26,736: WARNING/MainProcess] /usr/local/lib/python3.10/site-packages/celery/worker/consumer/consumer.py:508: CPendingDeprecationWarning: The broker_connection_retry configuration setting will no longer determine
whether broker connection retries are made during startup in Celery 6.0 and above.
If you wish to retain the existing behavior for retrying connections on startup,
you should set broker_connection_retry_on_startup to True.
  warnings.warn(

[2024-10-06 11:53:26,738: INFO/MainProcess] mingle: searching for neighbors
[2024-10-06 11:53:27,746: INFO/MainProcess] mingle: all alone
[2024-10-06 11:53:27,757: INFO/MainProcess] worker1@ecs-299552 ready.
[2024-10-06 15:02:25,499: WARNING/MainProcess] /usr/local/lib/python3.10/site-packages/celery/worker/consumer/consumer.py:508: CPendingDeprecationWarning: The broker_connection_retry configuration setting will no longer determine
whether broker connection retries are made during startup in Celery 6.0 and above.
If you wish to retain the existing behavior for retrying connections on startup,
you should set broker_connection_retry_on_startup to True.
  warnings.warn(

[2024-10-06 15:02:25,507: INFO/MainProcess] Connected to redis://localhost:6379/0
[2024-10-06 15:02:25,507: WARNING/MainProcess] /usr/local/lib/python3.10/site-packages/celery/worker/consumer/consumer.py:508: CPendingDeprecationWarning: The broker_connection_retry configuration setting will no longer determine
whether broker connection retries are made during startup in Celery 6.0 and above.
If you wish to retain the existing behavior for retrying connections on startup,
you should set broker_connection_retry_on_startup to True.
  warnings.warn(

[2024-10-06 15:02:25,509: INFO/MainProcess] mingle: searching for neighbors
[2024-10-06 15:02:26,516: INFO/MainProcess] mingle: all alone
[2024-10-06 15:02:26,526: INFO/MainProcess] worker1@ecs-299552 ready.
[2024-10-06 15:17:27,983: WARNING/MainProcess] /usr/local/lib/python3.10/site-packages/celery/worker/consumer/consumer.py:508: CPendingDeprecationWarning: The broker_connection_retry configuration setting will no longer determine
whether broker connection retries are made during startup in Celery 6.0 and above.
If you wish to retain the existing behavior for retrying connections on startup,
you should set broker_connection_retry_on_startup to True.
  warnings.warn(

[2024-10-06 15:17:27,991: INFO/MainProcess] Connected to redis://localhost:6379/0
[2024-10-06 15:17:27,992: WARNING/MainProcess] /usr/local/lib/python3.10/site-packages/celery/worker/consumer/consumer.py:508: CPendingDeprecationWarning: The broker_connection_retry configuration setting will no longer determine
whether broker connection retries are made during startup in Celery 6.0 and above.
If you wish to retain the existing behavior for retrying connections on startup,
you should set broker_connection_retry_on_startup to True.
  warnings.warn(

[2024-10-06 15:17:27,995: INFO/MainProcess] mingle: searching for neighbors
[2024-10-06 15:17:29,004: INFO/MainProcess] mingle: all alone
[2024-10-06 15:17:29,015: INFO/MainProcess] worker1@ecs-299552 ready.
[2024-10-06 15:22:19,132: WARNING/MainProcess] /usr/local/lib/python3.10/site-packages/celery/worker/consumer/consumer.py:508: CPendingDeprecationWarning: The broker_connection_retry configuration setting will no longer determine
whether broker connection retries are made during startup in Celery 6.0 and above.
If you wish to retain the existing behavior for retrying connections on startup,
you should set broker_connection_retry_on_startup to True.
  warnings.warn(

[2024-10-06 15:22:19,140: INFO/MainProcess] Connected to redis://localhost:6379/0
[2024-10-06 15:22:19,140: WARNING/MainProcess] /usr/local/lib/python3.10/site-packages/celery/worker/consumer/consumer.py:508: CPendingDeprecationWarning: The broker_connection_retry configuration setting will no longer determine
whether broker connection retries are made during startup in Celery 6.0 and above.
If you wish to retain the existing behavior for retrying connections on startup,
you should set broker_connection_retry_on_startup to True.
  warnings.warn(

[2024-10-06 15:22:19,143: INFO/MainProcess] mingle: searching for neighbors
[2024-10-06 15:22:20,151: INFO/MainProcess] mingle: all alone
[2024-10-06 15:22:20,162: INFO/MainProcess] worker1@ecs-299552 ready.
[2024-10-06 15:44:23,846: WARNING/MainProcess] /usr/local/lib/python3.10/site-packages/celery/worker/consumer/consumer.py:508: CPendingDeprecationWarning: The broker_connection_retry configuration setting will no longer determine
whether broker connection retries are made during startup in Celery 6.0 and above.
If you wish to retain the existing behavior for retrying connections on startup,
you should set broker_connection_retry_on_startup to True.
  warnings.warn(

[2024-10-06 15:44:23,853: INFO/MainProcess] Connected to redis://localhost:6379/0
[2024-10-06 15:44:23,854: WARNING/MainProcess] /usr/local/lib/python3.10/site-packages/celery/worker/consumer/consumer.py:508: CPendingDeprecationWarning: The broker_connection_retry configuration setting will no longer determine
whether broker connection retries are made during startup in Celery 6.0 and above.
If you wish to retain the existing behavior for retrying connections on startup,
you should set broker_connection_retry_on_startup to True.
  warnings.warn(

[2024-10-06 15:44:23,855: INFO/MainProcess] mingle: searching for neighbors
[2024-10-06 15:44:24,863: INFO/MainProcess] mingle: all alone
[2024-10-06 15:44:24,874: INFO/MainProcess] worker1@ecs-299552 ready.
[2024-10-06 15:44:40,719: INFO/MainProcess] Task Image Creation[997dffd6-3ed6-4136-acdb-15ee79edae10] received
[2024-10-06 15:45:27,548: INFO/MainProcess] Task Image Creation[44abda46-9a08-4970-81ad-8f0eb49b1ca5] received
[2024-10-06 16:17:00,712: INFO/MainProcess] Task Image Creation[18ba20b6-3d3c-44e4-8077-3ae7954404c8] received
[2024-10-07 09:01:01,809: INFO/MainProcess] Task Image Creation[cf86efac-a8f6-4060-aee9-3530b302bc6d] received
[2024-10-07 11:43:04,550: INFO/MainProcess] Task Image Creation[e956b758-5bc5-4801-88e2-0424db06012f] received
[2024-10-07 12:09:59,309: INFO/MainProcess] Task Image Creation[3315f83a-3152-4dd7-b3e3-201a7f4b7706] received
[2024-10-07 14:03:01,559: INFO/MainProcess] Task Image Creation[54a75ab4-c275-4ee3-9fc6-d6cad7cb7d9d] received
[2024-10-07 14:43:19,105: INFO/MainProcess] Task Image Creation[17ce0a9d-f3d8-428c-9d5f-fc5315f116db] received
[2024-10-07 14:47:16,018: INFO/MainProcess] Task Image Creation[c4928cb0-db7b-4404-9dc5-81fa0502d279] received
[2024-10-08 16:34:01,630: WARNING/MainProcess] /usr/local/lib/python3.10/site-packages/celery/worker/consumer/consumer.py:508: CPendingDeprecationWarning: The broker_connection_retry configuration setting will no longer determine
whether broker connection retries are made during startup in Celery 6.0 and above.
If you wish to retain the existing behavior for retrying connections on startup,
you should set broker_connection_retry_on_startup to True.
  warnings.warn(

[2024-10-08 16:34:01,639: INFO/MainProcess] Connected to redis://localhost:6379/0
[2024-10-08 16:34:01,639: WARNING/MainProcess] /usr/local/lib/python3.10/site-packages/celery/worker/consumer/consumer.py:508: CPendingDeprecationWarning: The broker_connection_retry configuration setting will no longer determine
whether broker connection retries are made during startup in Celery 6.0 and above.
If you wish to retain the existing behavior for retrying connections on startup,
you should set broker_connection_retry_on_startup to True.
  warnings.warn(

[2024-10-08 16:34:01,643: INFO/MainProcess] mingle: searching for neighbors
[2024-10-08 16:34:02,650: INFO/MainProcess] mingle: all alone
[2024-10-08 16:34:02,659: INFO/MainProcess] worker1@ecs-299552 ready.
[2024-10-08 17:24:18,900: INFO/MainProcess] Task Image Creation[328a8231-1cbe-4da3-a4b6-edf6ab0ee883] received
[2024-10-08 17:51:06,583: INFO/MainProcess] Task Image Creation[40cbdc0b-4f05-4602-b50d-9b88fec5666d] received
[2024-10-08 17:58:17,939: INFO/MainProcess] Task Image Creation[34ee1ce0-f227-4e2e-9bf1-c9670eea5a7e] received
[2024-10-08 18:44:16,999: INFO/MainProcess] Task Image Creation[f6453f2f-8e37-4b81-aef3-b0c2b238491c] received
[2024-10-08 18:48:42,472: INFO/MainProcess] Task Image Creation[960f3364-b116-4aa5-a363-a00373bd4686] received
[2024-10-08 18:49:12,998: INFO/MainProcess] Task Image Creation[5834f881-a866-4781-87ea-b4f12a489a64] received
[2024-10-08 18:53:42,479: ERROR/MainProcess] Task handler raised error: TimeLimitExceeded(300.0)
Traceback (most recent call last):
  File "/usr/local/lib/python3.10/site-packages/billiard/pool.py", line 684, in on_hard_timeout
    raise TimeLimitExceeded(job._timeout)
billiard.einfo.ExceptionWithTraceback: 
"""
Traceback (most recent call last):
  File "/usr/local/lib/python3.10/site-packages/billiard/pool.py", line 684, in on_hard_timeout
    raise TimeLimitExceeded(job._timeout)
billiard.exceptions.TimeLimitExceeded: TimeLimitExceeded(300.0,)
"""
[2024-10-08 18:53:42,479: ERROR/MainProcess] Hard time limit (300.0s) exceeded for Image Creation[960f3364-b116-4aa5-a363-a00373bd4686]
[2024-10-08 18:53:42,582: ERROR/MainProcess] Process 'ForkPoolWorker-1' pid:20882 exited with 'signal 9 (SIGKILL)'
[2024-10-08 21:51:38,209: WARNING/MainProcess] /usr/local/lib/python3.10/site-packages/celery/worker/consumer/consumer.py:508: CPendingDeprecationWarning: The broker_connection_retry configuration setting will no longer determine
whether broker connection retries are made during startup in Celery 6.0 and above.
If you wish to retain the existing behavior for retrying connections on startup,
you should set broker_connection_retry_on_startup to True.
  warnings.warn(

[2024-10-08 21:51:38,219: INFO/MainProcess] Connected to redis://localhost:6379/0
[2024-10-08 21:51:38,219: WARNING/MainProcess] /usr/local/lib/python3.10/site-packages/celery/worker/consumer/consumer.py:508: CPendingDeprecationWarning: The broker_connection_retry configuration setting will no longer determine
whether broker connection retries are made during startup in Celery 6.0 and above.
If you wish to retain the existing behavior for retrying connections on startup,
you should set broker_connection_retry_on_startup to True.
  warnings.warn(

[2024-10-08 21:51:38,223: INFO/MainProcess] mingle: searching for neighbors
[2024-10-08 21:51:39,231: INFO/MainProcess] mingle: all alone
[2024-10-08 21:51:39,239: INFO/MainProcess] worker1@ecs-299552 ready.
[2024-10-08 21:58:19,409: WARNING/MainProcess] /usr/local/lib/python3.10/site-packages/celery/worker/consumer/consumer.py:508: CPendingDeprecationWarning: The broker_connection_retry configuration setting will no longer determine
whether broker connection retries are made during startup in Celery 6.0 and above.
If you wish to retain the existing behavior for retrying connections on startup,
you should set broker_connection_retry_on_startup to True.
  warnings.warn(

[2024-10-08 21:58:19,417: INFO/MainProcess] Connected to redis://localhost:6379/0
[2024-10-08 21:58:19,418: WARNING/MainProcess] /usr/local/lib/python3.10/site-packages/celery/worker/consumer/consumer.py:508: CPendingDeprecationWarning: The broker_connection_retry configuration setting will no longer determine
whether broker connection retries are made during startup in Celery 6.0 and above.
If you wish to retain the existing behavior for retrying connections on startup,
you should set broker_connection_retry_on_startup to True.
  warnings.warn(

[2024-10-08 21:58:19,420: INFO/MainProcess] mingle: searching for neighbors
[2024-10-08 21:58:20,427: INFO/MainProcess] mingle: all alone
[2024-10-08 21:58:20,438: INFO/MainProcess] worker1@ecs-299552 ready.
[2024-10-08 21:59:44,067: INFO/MainProcess] Task Image Creation[91160e5a-5cab-479a-a81d-2600ef23b017] received
[2024-10-08 22:02:33,461: WARNING/MainProcess] /usr/local/lib/python3.10/site-packages/celery/worker/consumer/consumer.py:508: CPendingDeprecationWarning: The broker_connection_retry configuration setting will no longer determine
whether broker connection retries are made during startup in Celery 6.0 and above.
If you wish to retain the existing behavior for retrying connections on startup,
you should set broker_connection_retry_on_startup to True.
  warnings.warn(

[2024-10-08 22:02:33,469: INFO/MainProcess] Connected to redis://localhost:6379/0
[2024-10-08 22:02:33,469: WARNING/MainProcess] /usr/local/lib/python3.10/site-packages/celery/worker/consumer/consumer.py:508: CPendingDeprecationWarning: The broker_connection_retry configuration setting will no longer determine
whether broker connection retries are made during startup in Celery 6.0 and above.
If you wish to retain the existing behavior for retrying connections on startup,
you should set broker_connection_retry_on_startup to True.
  warnings.warn(

[2024-10-08 22:02:33,471: INFO/MainProcess] mingle: searching for neighbors
[2024-10-08 22:02:34,478: INFO/MainProcess] mingle: all alone
[2024-10-08 22:02:34,489: INFO/MainProcess] worker1@ecs-299552 ready.
[2024-10-08 22:02:36,771: INFO/MainProcess] Task Image Creation[fd44d2bc-b3c3-41bb-8238-c1765d970ec6] received
[2024-10-11 13:21:41,101: INFO/MainProcess] Task Image Creation[13f8d7e0-0509-4e1b-b33e-7c2f5105916a] received
[2024-10-11 15:05:42,720: INFO/MainProcess] Task Image Creation[f82434fc-0100-4aa5-8799-61de67bdfdf2] received
[2024-10-11 16:35:49,784: INFO/MainProcess] Task Image Creation[c204fed6-d634-41a8-b546-02347107760d] received
[2024-10-11 16:51:53,697: INFO/MainProcess] Task Image Creation[5d909c0b-9c32-4912-afc2-ed0660556ca5] received
[2024-10-11 18:07:36,384: INFO/MainProcess] Task Image Creation[ea2335e0-3b6e-414f-9ec8-d7f6923dbeab] received
[2024-10-11 18:11:06,006: INFO/MainProcess] Task Image Creation[cc629919-563e-4946-8dc0-5a31926d6ddc] received
[2024-10-11 18:21:23,453: INFO/MainProcess] Task Image Creation[de84a619-8de3-40b8-94dd-15a2c9eaaac3] received
[2024-10-11 18:54:10,159: INFO/MainProcess] Task Image Creation[51d60746-0a4e-42a6-83dd-c6f80f7e97b4] received
[2024-10-11 18:59:09,495: INFO/MainProcess] Task Image Creation[868a4188-c137-4e87-b2ec-510bc8ee9db6] received
[2024-10-11 19:04:40,640: INFO/MainProcess] Task Image Creation[637ad5fa-ae67-4d88-8bf3-51799b03f4fb] received
[2024-10-11 19:35:32,283: INFO/MainProcess] Task Image Creation[1aaf8d04-b6d4-438a-be9d-a552c0ad7f6d] received
[2024-10-11 19:40:29,566: INFO/MainProcess] Task Image Creation[5e2c1f16-3692-4256-a217-9f3f40a12f9e] received
[2024-10-11 19:45:47,941: INFO/MainProcess] Task Image Creation[f089184e-8342-4f88-ac81-14e3fb9fa860] received
[2024-10-11 20:16:06,163: INFO/MainProcess] Task Image Creation[6fb2aac3-0ecd-4340-b513-0ad6dc9781b3] received
[2024-10-11 22:04:21,206: INFO/MainProcess] Task Image Creation[245512ab-e35c-42a3-b5db-e372cd81746b] received
[2024-10-11 22:08:37,335: INFO/MainProcess] Task Image Creation[b38eac4f-cf2e-48a8-96ed-bc71c6f0f913] received
[2024-10-12 01:38:09,117: INFO/MainProcess] Task Image Creation[aafbfe9c-fa4b-4fd5-842e-098fbcc511c5] received
[2024-10-12 02:02:58,823: INFO/MainProcess] Task Image Creation[59c708a5-2eaf-4999-b144-1c2d4b91dd76] received
[2024-10-12 02:06:04,752: INFO/MainProcess] Task Image Creation[05b2929c-97b9-4cb1-87f9-3b28832f6cc7] received
[2024-10-12 10:06:53,230: INFO/MainProcess] Task Image Creation[0ff086ab-9ba9-4d2b-8aa2-ef91a6d6b0a7] received
[2024-10-12 10:48:44,805: INFO/MainProcess] Task Image Creation[c660ab3b-c35d-416e-817a-ded32a28a9ed] received
[2024-10-12 14:13:03,013: INFO/MainProcess] Task Image Creation[49edfb4f-9450-47fb-82d0-03a196b7b78a] received
[2024-10-12 14:32:33,978: INFO/MainProcess] Task Image Creation[e4e144ec-edb5-4c3e-9e82-90ae461f8aa6] received
[2024-10-12 21:22:02,355: WARNING/MainProcess] /usr/local/lib/python3.10/site-packages/celery/worker/consumer/consumer.py:508: CPendingDeprecationWarning: The broker_connection_retry configuration setting will no longer determine
whether broker connection retries are made during startup in Celery 6.0 and above.
If you wish to retain the existing behavior for retrying connections on startup,
you should set broker_connection_retry_on_startup to True.
  warnings.warn(

[2024-10-12 21:22:02,364: INFO/MainProcess] Connected to redis://localhost:6379/0
[2024-10-12 21:22:02,365: WARNING/MainProcess] /usr/local/lib/python3.10/site-packages/celery/worker/consumer/consumer.py:508: CPendingDeprecationWarning: The broker_connection_retry configuration setting will no longer determine
whether broker connection retries are made during startup in Celery 6.0 and above.
If you wish to retain the existing behavior for retrying connections on startup,
you should set broker_connection_retry_on_startup to True.
  warnings.warn(

[2024-10-12 21:22:02,366: INFO/MainProcess] mingle: searching for neighbors
[2024-10-12 21:22:03,374: INFO/MainProcess] mingle: all alone
[2024-10-12 21:22:03,386: INFO/MainProcess] worker1@ecs-299552 ready.
[2024-10-13 15:38:49,586: INFO/MainProcess] Task Image Creation[b65afcde-6962-48c5-af33-5d926bae459f] received
[2024-10-13 16:04:30,608: INFO/MainProcess] Task Image Creation[1fb96cd0-6f3f-4b8c-a41e-5ebd80d1ca91] received
[2024-10-13 16:08:24,127: INFO/MainProcess] Task Image Creation[3a1bdb18-4362-4692-b493-aa6c3f6b168f] received
[2024-10-13 16:14:11,836: INFO/MainProcess] Task Image Creation[85dc5249-f0bb-4e56-b668-89950f9498ef] received
[2024-10-14 09:39:51,034: INFO/MainProcess] Task Image Creation[11d32685-e994-4dac-a889-5f85b4b9642c] received
[2024-10-14 13:22:44,590: INFO/MainProcess] Task Image Creation[17248400-3d7f-4cc6-8a75-5b762e5b831f] received
[2024-10-14 13:24:48,208: INFO/MainProcess] Task Image Creation[3dc0afd4-a4fc-47a0-b63e-0b7481fdc921] received
[2024-10-14 13:27:10,192: INFO/MainProcess] Task Image Creation[cb96c445-b4a6-4dad-9de7-c61688a51fab] received
[2024-10-14 13:28:18,211: INFO/MainProcess] Task Image Creation[1599424e-7b65-4dd4-9b90-8626445bacd4] received
[2024-10-14 13:30:00,756: INFO/MainProcess] Task Image Creation[6f86bb1c-cfad-4951-b5e7-53893ff4e34c] received
[2024-10-14 16:15:18,378: INFO/MainProcess] Task Image Creation[a1702327-5dca-4047-b100-8bb7b3aeb223] received
[2024-10-14 16:19:29,455: INFO/MainProcess] Task Image Creation[70b7b69a-2150-4827-8213-ecebc42b168d] received
[2024-10-14 16:28:43,143: INFO/MainProcess] Task Image Creation[55cb1348-34ed-455d-8472-b1ae33e75bba] received
[2024-10-14 16:37:20,233: INFO/MainProcess] Task Image Creation[b1e8fbc5-2981-41b3-9d31-66db53ddffc3] received
[2024-10-17 21:07:01,935: WARNING/MainProcess] /usr/local/lib/python3.10/site-packages/celery/worker/consumer/consumer.py:508: CPendingDeprecationWarning: The broker_connection_retry configuration setting will no longer determine
whether broker connection retries are made during startup in Celery 6.0 and above.
If you wish to retain the existing behavior for retrying connections on startup,
you should set broker_connection_retry_on_startup to True.
  warnings.warn(

[2024-10-17 21:07:01,944: INFO/MainProcess] Connected to redis://localhost:6379/0
[2024-10-17 21:07:01,944: WARNING/MainProcess] /usr/local/lib/python3.10/site-packages/celery/worker/consumer/consumer.py:508: CPendingDeprecationWarning: The broker_connection_retry configuration setting will no longer determine
whether broker connection retries are made during startup in Celery 6.0 and above.
If you wish to retain the existing behavior for retrying connections on startup,
you should set broker_connection_retry_on_startup to True.
  warnings.warn(

[2024-10-17 21:07:01,946: INFO/MainProcess] mingle: searching for neighbors
[2024-10-17 21:07:02,954: INFO/MainProcess] mingle: all alone
[2024-10-17 21:07:02,965: INFO/MainProcess] worker1@ecs-299552 ready.
[2024-10-17 22:26:10,847: INFO/MainProcess] Task Image Creation[f565c5ac-20da-4b99-88e1-f422eb3b23ec] received
[2024-10-18 01:15:32,224: INFO/MainProcess] Task Face Swap[367308ce-b815-4d0a-b55b-4b11a21b3adc] received
[2024-10-18 09:08:16,211: INFO/MainProcess] Task Image Creation[c3253f48-e386-48b7-8e70-5550c3743c78] received
[2024-10-18 09:13:34,094: INFO/MainProcess] Task Face Swap[023366b1-584a-45fc-91b9-e43706d9ce0f] received
[2024-10-18 09:18:54,899: INFO/MainProcess] Task Face Swap[6dfdc980-72c8-4d80-95a1-8f93cd059740] received
[2024-10-18 09:42:15,326: INFO/MainProcess] Task Face Swap[7517b81b-8ff5-4513-a88b-716f5baeb48a] received
[2024-10-18 09:52:08,636: INFO/MainProcess] Task Image Creation[e5e052a7-6f0d-46ef-ba03-a30335acf368] received
[2024-10-18 09:55:21,816: INFO/MainProcess] Task Image Creation[cb76b0cc-bfec-41f9-b80c-bb2611b213eb] received
[2024-10-18 09:58:42,109: INFO/MainProcess] Task Image Creation[a2f567f8-34e9-40fd-a8a2-28de0b4f9a41] received
[2024-10-18 10:02:38,430: INFO/MainProcess] Task Image Creation[4f71ed06-96e0-4006-a5b7-4865a4ac2ee9] received
[2024-10-18 10:06:51,219: INFO/MainProcess] Task Face Swap[bcd54186-eeb1-4e5d-896d-6b24f4623f3a] received
[2024-10-18 10:09:35,398: INFO/MainProcess] Task Face Swap[6eb2cca9-ea24-430e-a250-1e68265c80b1] received
[2024-10-18 10:19:18,794: INFO/MainProcess] Task Image Creation[aeb05ead-3c86-4661-a428-b60b6d99c35b] received
[2024-10-18 10:23:34,258: INFO/MainProcess] Task Face Swap[4eb729be-0bee-4ac0-8a53-e40b1913c4ad] received
[2024-10-18 10:39:04,798: INFO/MainProcess] Task Face Swap[c1fd9d54-f2d8-4824-be48-aba97eb3bf22] received
[2024-10-18 10:54:20,829: INFO/MainProcess] Task Face Swap[36396e64-c9f7-4890-b661-9ede03507da1] received
[2024-10-18 11:04:21,756: INFO/MainProcess] Task Face Swap[b7f557f2-96a3-4c04-b954-26a84a4808ca] received
[2024-10-18 11:07:49,435: INFO/MainProcess] Task Face Swap[322fc1e6-96cd-4f40-9b67-335e6b9ab2a6] received
[2024-10-18 11:59:50,672: INFO/MainProcess] Task Image Creation[7ff1e79c-f8e7-4ef0-853d-7b0b37c10492] received
[2024-10-18 12:05:00,426: INFO/MainProcess] Task Face Swap[40462a83-a6e9-4b72-8d98-2abf22b49b7c] received
[2024-10-18 13:38:58,615: INFO/MainProcess] Task Face Swap[759fdb47-3b66-46c7-bd24-d143fcf21876] received
[2024-10-18 14:00:01,403: INFO/MainProcess] Task Face Swap[2a3f5865-4772-475e-b772-cff8a5471f26] received
[2024-10-18 14:02:34,172: INFO/MainProcess] Task Face Swap[034c575a-31c9-4e4b-b469-779932ab69b3] received
[2024-10-18 14:16:02,696: INFO/MainProcess] Task Face Swap[c9a7236c-b181-4d19-b07b-39e53d8cdac4] received
[2024-10-18 14:20:42,303: INFO/MainProcess] Task Face Swap[9ab7ba51-0adb-4631-b78f-acbca0459132] received
[2024-10-18 14:23:32,775: INFO/MainProcess] Task Face Swap[79602ce6-ca16-4af5-8942-83003f3b8f31] received
[2024-10-18 14:28:40,351: INFO/MainProcess] Task Face Swap[bc338739-5081-4090-9e84-4336c6478c8e] received
[2024-10-18 21:02:21,963: INFO/MainProcess] Task Image Upscale[f7bcd6c2-036b-4968-8f33-bb02cfabebf4] received
[2024-10-18 21:43:31,917: INFO/MainProcess] Task Image Upscale[86dc2335-4459-41ec-9af1-5f0a38fafb77] received
[2024-10-18 21:50:09,609: INFO/MainProcess] Task Image Upscale[484b8949-6a2a-42d9-83b9-8f65aeba8274] received
[2024-10-18 21:53:16,591: INFO/MainProcess] Task Image Upscale[9ed54e87-9540-4074-8c58-d7daac3185fe] received
[2024-10-18 21:57:58,728: INFO/MainProcess] Task Image Upscale[04d88a1d-56e4-42f5-a810-0ed45db49638] received
[2024-10-18 22:13:17,018: INFO/MainProcess] Task Image Upscale[cfc72113-d0ef-4989-9be9-040c501cec42] received
[2024-10-18 22:14:45,942: INFO/MainProcess] Task Image Upscale[a016ae2c-3949-4b31-862e-e9052a755719] received
[2024-10-18 22:17:22,337: INFO/MainProcess] Task Face Swap[5f0042ac-fd80-4f31-b258-4330833cd3d7] received
[2024-10-18 22:31:46,798: INFO/MainProcess] Task Image Upscale[5f82dcf7-6cf9-4c9c-bd50-3531e32f32d1] received
[2024-10-19 01:04:56,027: INFO/MainProcess] Task Image Upscale[f749a236-dddf-4de9-b4fa-94c758816193] received
[2024-10-19 01:06:04,690: INFO/MainProcess] Task Image Upscale[e0feabe1-e6e9-4574-9a89-b3f0dcf2a915] received
[2024-10-19 01:13:06,282: INFO/MainProcess] Task Image Upscale[82e780bd-b768-4fc6-9e74-2e3fb1ddcef9] received
[2024-10-19 01:52:04,239: INFO/MainProcess] Task Image Upscale[e116f59f-08f9-4d2c-accb-2a8d17646d9d] received
[2024-10-19 02:13:35,307: INFO/MainProcess] Task Image Upscale[8f663356-1c61-440d-b6b8-fe41ff656e3d] received
[2024-10-19 02:16:07,782: INFO/MainProcess] Task Face Swap[0209856d-4dea-4aa9-acef-0ebb7a6b1ae7] received
[2024-10-20 12:15:11,477: INFO/MainProcess] Task Face Swap[5465342e-d862-458e-a8fa-c5daad9480d2] received
[2024-10-20 15:43:19,586: INFO/MainProcess] Task Image Creation[2ef5040f-21b7-42b6-b373-8c8cbf72a31c] received
[2024-10-20 16:08:12,127: INFO/MainProcess] Task Face Swap[9ccaa262-27b9-406f-b76e-6931401a241e] received
[2024-10-20 17:16:05,872: INFO/MainProcess] Task Face Swap[8332c1e7-fd8d-4c11-9a6d-582f91641a47] received
[2024-10-20 17:22:10,417: INFO/MainProcess] Task Face Swap[4f2f5349-a6e7-420f-bc23-61d8433293fa] received
[2024-10-20 17:41:11,338: INFO/MainProcess] Task Face Swap[1c91e383-da50-40c8-b807-8a58cf1b659d] received
[2024-10-20 18:56:20,888: INFO/MainProcess] Task Image Upscale[67acd938-d6a6-4c1b-91a5-fbb140680ecd] received
[2024-10-20 19:02:37,945: INFO/MainProcess] Task Face Swap[c141337d-ac26-4ad5-ba7a-8317f6d3c2fc] received
[2024-10-20 19:12:31,337: INFO/MainProcess] Task Face Swap[5b11f84b-8546-4277-b168-80073bedc77c] received
[2024-10-23 13:08:06,897: INFO/MainProcess] Task Image Creation[6a5bb27f-ecee-4281-98c7-bc6ba5372cd6] received
[2024-10-23 13:09:12,565: INFO/MainProcess] Task Image Creation[42b7aec3-5803-4ba2-901f-59326fde2851] received
[2024-10-23 13:14:12,570: ERROR/MainProcess] Task handler raised error: TimeLimitExceeded(300.0)
Traceback (most recent call last):
  File "/usr/local/lib/python3.10/site-packages/billiard/pool.py", line 684, in on_hard_timeout
    raise TimeLimitExceeded(job._timeout)
billiard.einfo.ExceptionWithTraceback: 
"""
Traceback (most recent call last):
  File "/usr/local/lib/python3.10/site-packages/billiard/pool.py", line 684, in on_hard_timeout
    raise TimeLimitExceeded(job._timeout)
billiard.exceptions.TimeLimitExceeded: TimeLimitExceeded(300.0,)
"""
[2024-10-23 13:14:12,570: ERROR/MainProcess] Hard time limit (300.0s) exceeded for Image Creation[42b7aec3-5803-4ba2-901f-59326fde2851]
[2024-10-23 13:14:12,674: ERROR/MainProcess] Process 'ForkPoolWorker-2' pid:52804 exited with 'signal 9 (SIGKILL)'
[2024-10-23 13:28:53,189: INFO/MainProcess] Task Image Creation[1315f363-978c-4f1f-bd5f-c9cf16025c86] received
[2024-10-23 13:58:59,280: INFO/MainProcess] Task Face Swap[7aa83d83-d90a-45a1-8369-28ce7803f30c] received
[2024-10-23 14:08:44,877: INFO/MainProcess] Task Image Upscale[3866e766-ec75-404d-8113-c62bfac0c6e2] received
[2024-10-23 14:14:05,073: INFO/MainProcess] Task Face Swap[b00cf251-1aaf-47e4-97c6-da3eab68d14f] received
[2024-10-23 14:24:16,771: INFO/MainProcess] Task Image Upscale[80543a86-acae-4df2-916e-0395b1ae56ac] received
[2024-10-23 14:27:21,887: INFO/MainProcess] Task Face Swap[94903f5a-97f6-4055-9e56-2178aaab9701] received
[2024-10-23 17:49:16,524: INFO/MainProcess] Task Image Upscale[5920e23e-8bc8-4d3d-a116-f0d4a2c87832] received
[2024-10-25 11:38:19,486: INFO/MainProcess] Task Image Creation[39c35979-5b0e-4b26-8def-3745a7f28ee0] received
[2024-10-25 11:42:07,088: INFO/MainProcess] Task Face Swap[ddf018ea-3fa4-4b17-87b2-ffad2f55e8b5] received
[2024-10-25 11:49:34,861: INFO/MainProcess] Task Face Swap[513efb18-b4dc-4ea5-8ac9-0fdc4f07cc60] received
[2024-10-25 11:51:54,773: INFO/MainProcess] Task Image Creation[6065fd9b-62fa-4d8f-aff2-8697ade1546a] received
[2024-10-25 11:56:08,359: INFO/MainProcess] Task Face Swap[475492f4-2e72-4046-8bbe-a56d847c28d6] received
[2024-10-25 12:06:26,823: INFO/MainProcess] Task Image Upscale[d1b54791-9ba4-4855-810c-6bece62bfe5b] received
[2024-10-25 12:10:33,053: INFO/MainProcess] Task Face Swap[ad184615-114f-408b-ae6e-2e3324711443] received
[2024-10-26 09:57:26,212: INFO/MainProcess] Task Image Creation[dbb8ff2c-82e4-4526-8529-ca1fed6f3b1f] received
[2024-10-26 10:01:48,193: INFO/MainProcess] Task Image Creation[3875c77a-0557-4b51-a7fa-60b59b9ab063] received
[2024-10-26 10:06:16,003: INFO/MainProcess] Task Image Creation[bfd53a4f-7f64-4654-a781-e281e9564a58] received
[2024-10-27 11:20:27,254: INFO/MainProcess] Task Image Creation[48837002-db94-45f7-a0ad-2c6189b03f0b] received
[2024-10-27 11:27:08,699: INFO/MainProcess] Task Image Creation[15e80f80-befb-4112-831a-f8c29adbcf41] received
[2024-10-28 16:53:39,911: INFO/MainProcess] Task Image Upscale[73b68a4d-c056-4e77-9692-2fa440572354] received
[2024-10-28 17:08:42,818: INFO/MainProcess] Task Image Creation[c7d8f7ae-1c7f-4bfb-aa6c-258b0f9121a3] received
[2024-10-28 21:48:28,112: INFO/MainProcess] Task Image Upscale[39d91993-5e59-4a58-9ea5-be66254ce2a3] received
[2024-10-28 22:28:11,637: INFO/MainProcess] Task Image Upscale[47e3e71d-e234-40a4-8d68-9e92b9e92cbd] received
[2024-10-28 22:37:08,014: INFO/MainProcess] Task Image Upscale[5dc954c3-8819-4648-832c-55b060d14ce4] received
[2024-10-28 22:57:12,164: INFO/MainProcess] Task Image Upscale[897b6c81-5c06-49b2-9c53-ad7ede12b629] received
[2024-10-28 22:59:52,273: INFO/MainProcess] Task Image Upscale[7fe0e230-b8c9-46ce-b851-0f7fd15b00a5] received
[2024-10-29 14:42:10,916: INFO/MainProcess] Task Face Swap[5fe42650-c57b-4285-8e15-6acf81141b10] received
[2024-10-29 14:48:17,269: INFO/MainProcess] Task Image Creation[83090019-2e45-4003-b532-5bccbdeb8209] received
[2024-10-29 15:45:48,870: INFO/MainProcess] Task Image Upscale[d5d8da14-a0f4-4e92-a882-412ad52c287b] received
[2024-10-29 16:05:20,563: INFO/MainProcess] Task Face Swap[1578c6b3-db97-481a-8a5d-3343424b8dcb] received
[2024-10-29 16:19:24,057: INFO/MainProcess] Task Face Swap[3839666d-9b61-419f-a492-21cb079872b9] received
[2024-10-29 16:40:07,369: INFO/MainProcess] Task Face Swap[64f66f74-69a9-4e5b-a457-f3742209ad80] received
[2024-10-29 16:45:31,001: INFO/MainProcess] Task Face Swap[e735edf5-5c63-4779-9058-84d0eef38adc] received
[2024-10-29 16:49:35,370: INFO/MainProcess] Task Face Swap[8db7f77e-03c5-40b3-bcd2-577d7f1ec61a] received
[2024-10-29 16:51:45,111: INFO/MainProcess] Task Image Upscale[1f9efc6a-fb65-4091-a28f-d0995669358b] received
[2024-10-29 16:53:49,953: INFO/MainProcess] Task Face Swap[dd713012-e190-46e6-9057-1106c970994f] received
[2024-10-29 17:01:27,432: INFO/MainProcess] Task Face Swap[1dc1b4f9-1f2f-4ef5-94db-e030b316af26] received
[2024-10-29 17:05:43,062: INFO/MainProcess] Task Face Swap[5e9e5a65-fb92-45b2-8a81-2e584a038d8a] received
[2024-10-29 17:10:02,139: INFO/MainProcess] Task Face Swap[e489a105-70a8-4c11-b5a4-b066471194d4] received
[2024-10-29 17:17:56,308: INFO/MainProcess] Task Face Swap[9b719f6e-78d1-4b5a-abe3-5d6608618a69] received
[2024-10-29 17:24:51,658: INFO/MainProcess] Task Face Swap[ed6099d0-247a-4240-b86c-be132b51308e] received
[2024-10-29 17:27:05,228: INFO/MainProcess] Task Image Upscale[36b93a6f-154d-4574-9627-b91a94e8a9bc] received
[2024-10-29 17:43:46,490: INFO/MainProcess] Task Face Swap[e702e5b5-3f95-4a52-8da1-3a6418f239be] received
[2024-10-29 21:13:01,244: INFO/MainProcess] Task Face Swap[56868479-581b-47ef-bc19-a3507bdc387d] received
[2024-10-29 21:22:41,539: INFO/MainProcess] Task Image Upscale[75a1838f-18f6-4d8e-89f1-1254c76ecc64] received
[2024-10-29 23:45:31,173: INFO/MainProcess] Task Face Swap[5da82be4-2eaa-4030-b62c-4eb2a7a0510a] received
[2024-10-30 00:08:44,924: INFO/MainProcess] Task Image Upscale[55902b16-137a-4050-a367-3877b9ef5d3d] received
[2024-10-30 00:13:15,793: INFO/MainProcess] Task Face Swap[bf02c8cd-63a5-42b7-a02b-cc77a63cfa84] received
[2024-10-30 00:42:06,203: INFO/MainProcess] Task Face Swap[4ac30b27-30ab-43c6-b3b6-902848f1f673] received
[2024-10-30 07:45:58,635: INFO/MainProcess] Task Image Creation[915a2c63-9286-4844-b787-9739b505ff55] received
[2024-10-30 07:54:37,931: INFO/MainProcess] Task Face Swap[c36310e9-ec82-4be1-a11e-7b46fe99eeab] received
[2024-10-30 07:57:05,054: INFO/MainProcess] Task Image Upscale[a25e68d8-2cc5-433e-b0d2-5138cbb33a49] received
[2024-10-30 08:01:32,776: INFO/MainProcess] Task Image Creation[73d41b07-7200-439c-916b-73c1a8ec53d4] received
[2024-10-30 08:06:23,071: INFO/MainProcess] Task Face Swap[3a31ad5d-0fc9-4cdb-96ae-41ee9e57523f] received
[2024-10-30 08:10:59,619: INFO/MainProcess] Task Face Swap[24b1348e-914a-4fae-b905-a95ac2e7e5de] received
[2024-10-30 10:05:16,524: INFO/MainProcess] Task Face Swap[5f341c83-1fa6-4f00-acf0-f909d58b9112] received
[2024-10-30 11:52:01,335: INFO/MainProcess] Task Image Upscale[0d1964ba-ce7e-41c1-b489-d4c3b88b29ba] received
[2024-10-30 12:24:05,625: INFO/MainProcess] Task Image Upscale[76ac63c8-1d9c-43b1-a4fa-c0ba496be5cd] received
[2024-10-30 12:26:13,093: INFO/MainProcess] Task Image Upscale[12519639-cc56-4385-8003-6c02af7f1174] received
[2024-10-30 12:27:06,095: INFO/MainProcess] Task Image Upscale[bb5a916b-46eb-4164-9ef5-2f55ef22687d] received
[2024-10-30 12:29:28,980: INFO/MainProcess] Task Image Upscale[9462afea-45d8-4958-a4d7-45f90d00147b] received
[2024-10-30 12:35:45,131: INFO/MainProcess] Task Image Upscale[d10aee25-165e-4e3a-a3a6-ea6d6e0dcc68] received
[2024-10-30 12:45:58,137: INFO/MainProcess] Task Image Upscale[60f01afb-4f07-486b-a9f8-09c07726f00c] received
[2024-10-30 12:54:29,222: INFO/MainProcess] Task Image Upscale[fc47bb6c-ee5e-41e7-ab3f-33f7ac971909] received
[2024-10-30 12:57:40,199: INFO/MainProcess] Task Image Upscale[febded46-5ea3-4292-b2dc-2df765d76a2b] received
[2024-10-30 13:00:42,005: INFO/MainProcess] Task Image Upscale[51ec02dd-c3ce-46e1-a5c4-65f3e243ac77] received
[2024-10-30 13:17:23,828: INFO/MainProcess] Task Image Upscale[dbc65cfd-71a3-4c54-83c1-7f12a39269e4] received
[2024-10-30 13:47:03,343: INFO/MainProcess] Task Image Upscale[417291b2-dffd-47e0-b23d-ca1168e42fb0] received
[2024-10-30 13:51:37,247: INFO/MainProcess] Task Face Swap[0e7604a2-0a28-434a-b174-19ff6e71d3de] received
[2024-10-30 14:03:20,133: INFO/MainProcess] Task Image Creation[d23eefc7-6a37-48fe-913a-3713ca2e6d19] received
[2024-10-30 14:08:06,407: INFO/MainProcess] Task Image Upscale[753394cb-f45f-4768-bec3-4d635826ba72] received
[2024-10-30 14:14:01,399: INFO/MainProcess] Task Face Swap[9e562711-f96f-42fd-9f05-a19235ac4e9e] received
[2024-10-30 14:23:43,803: INFO/MainProcess] Task Face Swap[f6ab06aa-4b2f-442b-9399-62516ed9023f] received
[2024-10-30 14:50:36,761: INFO/MainProcess] Task Face Swap[9ef3eba2-9ca7-4054-bd33-def7d1f76c2b] received
[2024-10-30 14:52:40,378: INFO/MainProcess] Task Face Swap[24239fe5-15d1-4d5c-8d99-f16090501fe8] received
[2024-10-30 14:56:43,790: INFO/MainProcess] Task Face Swap[d66ff3e3-b0cd-4094-966c-8546a24d0ae7] received
[2024-10-30 17:31:58,946: INFO/MainProcess] Task Image Creation[d2ba2f54-9556-4206-8914-8a54d4170d5a] received
[2024-10-30 17:35:05,031: INFO/MainProcess] Task Image Creation[c9277135-ac05-400b-a0c9-c3514231abb5] received
[2024-10-30 17:38:56,196: INFO/MainProcess] Task Image Creation[1320df64-c2e1-4f78-9616-388ded3e919d] received
[2024-10-30 18:13:52,077: INFO/MainProcess] Task Image Creation[b0b044d6-d8b9-4c49-8f96-44bfc2917650] received
[2024-10-30 18:19:40,550: INFO/MainProcess] Task Image Creation[4879804a-33be-40d2-81b3-539bee7b2481] received
[2024-10-30 19:04:33,657: INFO/MainProcess] Task Image Creation[4e5b2505-95e0-40b5-b09a-397a86cd6226] received
[2024-10-30 19:09:57,699: INFO/MainProcess] Task Image Creation[82f44846-b5d3-4f9a-9a8d-9eec7a9e2b85] received
[2024-10-31 00:19:57,385: INFO/MainProcess] Task Image Creation[a2244936-3e9d-4e05-9fe9-92c7d92f45ea] received
[2024-10-31 19:17:08,487: INFO/MainProcess] Task Face Swap[c5b7cd25-f198-43e6-826a-fd5d4806e1ba] received
[2024-10-31 19:17:53,512: INFO/MainProcess] Task Face Swap[083f793c-1ce2-47cc-91a8-fb02cdcf5004] received
[2024-10-31 19:20:43,830: INFO/MainProcess] Task Image Upscale[5b3c9ef8-7e55-4ddf-96f1-d9073ca4476c] received
[2024-10-31 21:33:02,675: INFO/MainProcess] Task Image Creation[d7a3a466-0e08-420e-af97-f89598be3104] received
[2024-11-01 14:35:45,341: INFO/MainProcess] Task Image Creation[4a6d506b-40d4-4eb9-a75b-d66f2828ad4a] received
[2024-11-01 14:38:07,248: INFO/MainProcess] Task Image Creation[dda98c8b-855b-400d-9f5a-c51a9f2e0820] received
[2024-11-01 14:47:07,800: INFO/MainProcess] Task Image Creation[d51b2ad0-6934-453f-a5f5-19fabee4c278] received
[2024-11-01 14:49:21,233: INFO/MainProcess] Task Image Upscale[678efdc8-28b1-4eeb-975f-b3dcafc1017c] received
[2024-11-01 15:23:04,396: INFO/MainProcess] Task Image Creation[78e2f9b0-8d1d-4c4c-b61b-edda249538b8] received
[2024-11-01 15:52:00,312: INFO/MainProcess] Task Image Creation[5519ec7a-3eb8-4abf-bdcc-6278489e0650] received
[2024-11-01 15:53:51,638: INFO/MainProcess] Task Image Creation[9e9acc8e-dea8-43e1-bcfa-03a82450bfb5] received
[2024-11-01 15:55:00,897: INFO/MainProcess] Task Image Creation[7edf4dbd-c430-46ab-adc5-ea8fed2431cb] received
[2024-11-01 15:56:01,223: INFO/MainProcess] Task Image Creation[1d38893e-80e8-4301-85ec-7120bfe320a1] received
[2024-11-01 18:37:25,164: INFO/MainProcess] Task Image Creation[0b8c626b-65a1-4444-8b94-60be44131cd8] received
[2024-11-01 21:23:29,615: INFO/MainProcess] Task Image Creation[b0d4c31d-6709-4b05-9aa4-1c9f55ecb316] received
[2024-11-01 21:24:53,641: INFO/MainProcess] Task Image Creation[1a49d947-6990-48a3-88da-158ffbf9ba10] received
[2024-11-01 21:26:02,456: INFO/MainProcess] Task Image Creation[03f555b5-26b1-4a77-af56-6f040ce09671] received
[2024-11-02 10:09:27,068: INFO/MainProcess] Task Image Creation[1d5b7dca-0c16-4a69-b8df-0a07ec8258b8] received
[2024-11-02 10:11:47,106: INFO/MainProcess] Task Image Creation[d098c6db-e871-4657-b7b1-c5a4d342d3c5] received
[2024-11-02 10:15:46,115: INFO/MainProcess] Task Image Creation[5a51cdbb-e682-4b3c-bc3f-88534673b83f] received
[2024-11-02 10:20:00,883: INFO/MainProcess] Task Image Creation[c3650b69-3413-401b-9825-8d44e498aa88] received
[2024-11-02 10:23:59,052: INFO/MainProcess] Task Face Swap[0ef56017-d2e0-45cf-b08a-d78a794b1ed2] received
[2024-11-02 10:27:17,640: INFO/MainProcess] Task Image Upscale[e75fd2a1-cb20-4048-ba3e-0f6eefef2c93] received
[2024-11-02 11:40:45,749: INFO/MainProcess] Task Face Swap[132f94c4-f2a7-40b5-ae13-580d1f170700] received
[2024-11-02 11:44:38,412: INFO/MainProcess] Task Face Swap[4dd93785-4cfc-4a83-8c8d-ee8d4733a5e6] received
[2024-11-02 11:48:53,261: INFO/MainProcess] Task Image Upscale[d4139c36-2555-42c6-93ae-3d794961a2dc] received
[2024-11-02 11:52:10,153: INFO/MainProcess] Task Image Upscale[f0c65de4-4cc1-4d73-8c57-c7633405bcb4] received
[2024-11-02 11:57:07,190: INFO/MainProcess] Task Image Creation[6182abb1-883c-4081-9ff7-5c0c7fd64327] received
[2024-11-02 12:03:57,423: INFO/MainProcess] Task Image Creation[b07c0851-bdc2-46cf-94d3-3acc030f11e2] received
[2024-11-02 12:08:53,415: INFO/MainProcess] Task Image Creation[97748934-647c-44a4-8533-92707fefac70] received
[2024-11-02 12:10:59,625: INFO/MainProcess] Task Image Creation[7dd7eb18-1992-49fb-8002-6c671aa3a908] received
[2024-11-02 12:13:53,419: ERROR/MainProcess] Task handler raised error: TimeLimitExceeded(300.0)
Traceback (most recent call last):
  File "/usr/local/lib/python3.10/site-packages/billiard/pool.py", line 684, in on_hard_timeout
    raise TimeLimitExceeded(job._timeout)
billiard.einfo.ExceptionWithTraceback: 
"""
Traceback (most recent call last):
  File "/usr/local/lib/python3.10/site-packages/billiard/pool.py", line 684, in on_hard_timeout
    raise TimeLimitExceeded(job._timeout)
billiard.exceptions.TimeLimitExceeded: TimeLimitExceeded(300.0,)
"""
[2024-11-02 12:13:53,419: ERROR/MainProcess] Hard time limit (300.0s) exceeded for Image Creation[97748934-647c-44a4-8533-92707fefac70]
[2024-11-02 12:13:53,522: ERROR/MainProcess] Process 'ForkPoolWorker-1' pid:52803 exited with 'signal 9 (SIGKILL)'
[2024-11-02 12:16:17,600: INFO/MainProcess] Task Image Creation[f0561d7b-4f4b-4b27-a604-8109ef067bd7] received
[2024-11-02 13:05:56,275: INFO/MainProcess] Task Image Creation[8905af1c-6e77-46a4-9cf0-432d7c721f4a] received
[2024-11-02 20:17:19,327: INFO/MainProcess] Task Image Creation[9feb9955-cc30-4a2d-975e-2d337f027bb9] received
[2024-11-02 20:18:50,971: INFO/MainProcess] Task Image Creation[7934c2ef-04c7-42b7-bf3f-de18a1354f9c] received
[2024-11-02 20:22:19,331: ERROR/MainProcess] Task handler raised error: TimeLimitExceeded(300.0)
Traceback (most recent call last):
  File "/usr/local/lib/python3.10/site-packages/billiard/pool.py", line 684, in on_hard_timeout
    raise TimeLimitExceeded(job._timeout)
billiard.einfo.ExceptionWithTraceback: 
"""
Traceback (most recent call last):
  File "/usr/local/lib/python3.10/site-packages/billiard/pool.py", line 684, in on_hard_timeout
    raise TimeLimitExceeded(job._timeout)
billiard.exceptions.TimeLimitExceeded: TimeLimitExceeded(300.0,)
"""
[2024-11-02 20:22:19,331: ERROR/MainProcess] Hard time limit (300.0s) exceeded for Image Creation[9feb9955-cc30-4a2d-975e-2d337f027bb9]
[2024-11-02 20:22:19,435: ERROR/MainProcess] Process 'ForkPoolWorker-4' pid:450865 exited with 'signal 9 (SIGKILL)'
[2024-11-02 20:22:56,740: INFO/MainProcess] Task Image Creation[eb9d0128-54d5-457f-b6ec-319578d5b6a0] received
[2024-11-02 20:29:25,629: INFO/MainProcess] Task Image Upscale[9cd67dd3-2b09-4e00-a71c-868007bc21f3] received
[2024-11-02 20:32:28,478: INFO/MainProcess] Task Face Swap[2016433d-d3c7-4adc-9817-fae094547d13] received
[2024-11-02 20:33:28,524: INFO/MainProcess] Task Face Swap[8e1e284c-e717-4689-a606-57d7efd674b2] received
[2024-11-02 20:37:57,561: INFO/MainProcess] Task Image Creation[714822e5-707b-4886-95d2-bee93501a444] received
[2024-11-03 11:21:15,827: INFO/MainProcess] Task Image Creation[b7075e69-304d-4db4-9e13-b59238657170] received
[2024-11-03 11:22:52,220: INFO/MainProcess] Task Image Creation[a4aa001f-06cb-4e5a-b635-2bcb30c5ee66] received
[2024-11-03 11:24:50,131: INFO/MainProcess] Task Image Creation[c58fc7fb-bd75-492e-99bb-5ee86d862f17] received
[2024-11-03 11:34:20,758: INFO/MainProcess] Task Image Creation[d05f8633-76f1-40a7-a1f2-108078a87d32] received
[2024-11-03 11:35:57,935: INFO/MainProcess] Task Image Creation[37c4c834-fb2c-4722-bea5-ce89cd097f33] received
[2024-11-03 12:08:38,565: INFO/MainProcess] Task Image Creation[c266b9fc-5ef0-4f31-acb6-e75477594255] received
[2024-11-03 12:37:05,293: INFO/MainProcess] Task Image Creation[556c4dec-06ec-4887-b92c-a9450331cb09] received
[2024-11-04 15:19:38,601: INFO/MainProcess] Task Image Creation[89b25f47-1c05-4ba6-9a6b-142da0f86dc9] received
[2024-11-04 15:20:43,705: INFO/MainProcess] Task Image Creation[672fff61-6f04-441b-851b-e75583c3e348] received
[2024-11-04 15:22:13,660: INFO/MainProcess] Task Image Creation[60a8a00d-77f1-47d8-a73a-c980f36acd56] received
[2024-11-04 15:23:14,644: INFO/MainProcess] Task Image Creation[8b6d1992-ef66-4406-816e-51fbf364eeed] received
[2024-11-04 15:24:51,365: INFO/MainProcess] Task Image Creation[e48c36ca-c94e-47d0-8b66-53c5cce18017] received
[2024-11-04 15:25:04,225: INFO/MainProcess] Task Image Creation[4610ef61-dad4-4818-b325-0e629b4e63b5] received
[2024-11-04 15:25:42,862: INFO/MainProcess] Task Image Creation[e8d82607-5c8b-4286-81c6-4fd13fad4735] received
[2024-11-04 17:06:51,603: INFO/MainProcess] Task Face Swap[67927377-b316-4a2d-9719-99f2e4256ed0] received
[2024-11-04 17:16:06,672: INFO/MainProcess] Task Image Creation[38149e26-3703-4b96-a40c-8fb1115bc5c4] received
[2024-11-04 17:29:24,754: INFO/MainProcess] Task Image Creation[5fa6eaac-ad06-4872-8e80-37b16bd19a54] received
[2024-11-04 17:30:46,218: INFO/MainProcess] Task Image Creation[ac16d886-3bb9-429b-97ce-29ac1ba21e49] received
[2024-11-04 17:33:29,522: INFO/MainProcess] Task Image Creation[7373cc18-1c9e-4484-a16c-3abd4ff51d0d] received
[2024-11-04 19:14:55,160: INFO/MainProcess] Task Image Creation[ed0845be-a793-42cd-9a10-e5a7f545005b] received
[2024-11-04 19:16:33,140: INFO/MainProcess] Task Image Creation[cfc3be14-ec92-424b-a607-0dc28d25cc0a] received
[2024-11-04 19:25:17,007: INFO/MainProcess] Task Image Creation[a1424e98-9e6f-460c-be9b-8751567daa3a] received
[2024-11-04 19:26:56,778: INFO/MainProcess] Task Image Creation[f95a6ec3-da52-45b0-87b2-c55ed924cd7f] received
[2024-11-04 19:29:17,375: INFO/MainProcess] Task Image Creation[0fc32674-eacd-43d7-8978-ec4edf4549ee] received
[2024-11-04 19:30:53,714: INFO/MainProcess] Task Face Swap[ef2d2191-31d3-4f31-b5f8-d8399047d407] received
[2024-11-04 20:02:47,192: INFO/MainProcess] Task Image Creation[d791bb17-02d4-4e01-a518-4b85286863be] received
[2024-11-04 20:04:36,983: INFO/MainProcess] Task Image Creation[04f3ea87-3f82-42c9-8785-b02763bf33ac] received
[2024-11-04 20:07:33,514: INFO/MainProcess] Task Image Creation[e5b9d9a2-1c1d-48a4-a9ce-597731a8fc99] received
[2024-11-04 20:09:53,397: INFO/MainProcess] Task Image Creation[8b93c24b-ba82-487e-a1f5-876564222dea] received
[2024-11-04 20:11:17,845: INFO/MainProcess] Task Image Creation[cdb6718b-aa58-43db-ba07-a81bdbf05e85] received
[2024-11-04 21:53:11,750: INFO/MainProcess] Task Image Creation[2888bdfa-cd8d-443a-8c24-0faf67440d3b] received
[2024-11-04 21:57:54,694: INFO/MainProcess] Task Image Creation[28a5ab14-5e76-4233-9815-320c9dc64e2d] received
[2024-11-04 21:58:37,461: INFO/MainProcess] Task Image Creation[22d87e28-6238-49ea-ab2d-fe69f358f0f1] received
[2024-11-04 21:59:26,482: INFO/MainProcess] Task Image Creation[1915d46d-2f83-46d6-94e2-2a06f75f37eb] received
[2024-11-04 22:02:53,270: INFO/MainProcess] Task Image Creation[366b9cc5-983a-47ee-9b4c-6ecd676829fd] received
[2024-11-04 22:03:23,698: INFO/MainProcess] Task Image Creation[98164ee1-244b-4d45-afdb-2dc3cdddfeff] received
[2024-11-04 22:04:40,150: INFO/MainProcess] Task Image Creation[aa0a22f0-8a93-4210-a59a-07cef094f032] received
[2024-11-04 22:52:05,001: INFO/MainProcess] Task Image Creation[f58cbed3-9fa6-4ef6-83fa-7bf0cda092c2] received
[2024-11-04 22:58:15,174: INFO/MainProcess] Task Image Creation[bec1fca4-5911-4f9b-a120-e5b5e3d45979] received
[2024-11-04 23:00:25,425: INFO/MainProcess] Task Image Creation[61f9e7cf-9866-479c-a91c-fa6cc3bc3c08] received
[2024-11-04 23:10:10,587: INFO/MainProcess] Task Image Creation[46722650-9f9a-4b84-89b6-58c5b01837a6] received
[2024-11-05 08:09:19,827: INFO/MainProcess] Task Image Creation[ab311cad-6eb8-4034-90b2-4eee552902df] received
[2024-11-05 08:14:36,995: INFO/MainProcess] Task Image Creation[1c9b1908-31fe-4b16-ba61-c27308712913] received
[2024-11-05 12:52:04,124: INFO/MainProcess] Task Image Creation[42f15eaa-b978-484f-ad1e-bd4aa7d51a36] received
[2024-11-05 12:52:38,528: INFO/MainProcess] Task Image Creation[ae09076c-7122-4931-aa97-ffc9468b51cd] received
[2024-11-05 13:30:56,672: INFO/MainProcess] Task Image Creation[510db35b-37e9-4414-9be1-99e66eaefbaa] received
[2024-11-05 13:40:20,300: INFO/MainProcess] Task Face Swap[8f362d22-3a91-42a8-a374-8037b2c6cdae] received
[2024-11-05 13:42:04,562: INFO/MainProcess] Task Face Swap[f18a6fd8-6ea4-4193-8651-40824b1a783c] received
[2024-11-05 14:00:09,798: INFO/MainProcess] Task Image Creation[f7c1e43b-4aff-4937-aa4b-db68893b1bd7] received
[2024-11-05 14:02:41,842: INFO/MainProcess] Task Image Creation[42935c20-5533-43bd-9857-545bf08ed864] received
[2024-11-06 10:24:04,202: INFO/MainProcess] Task Image Creation[1ad6e440-b660-4479-970b-71bc340140cc] received
[2024-11-06 10:27:53,262: INFO/MainProcess] Task Image Creation[9986166f-413f-4bb8-aaaa-02acd523192c] received
[2024-11-06 10:30:54,480: INFO/MainProcess] Task Image Creation[04d06375-9f1c-440c-a6cb-90d9e38020fc] received
[2024-11-06 10:37:38,679: INFO/MainProcess] Task Image Creation[2d5f9c89-0b38-423f-a4e9-ab1d0ed4b481] received
[2024-11-06 10:40:28,135: INFO/MainProcess] Task Image Creation[c8d562fd-bc0b-4325-b16d-6023091ca9ea] received
[2024-11-06 10:41:57,057: INFO/MainProcess] Task Image Creation[3d80b902-14ce-4a4f-8e4d-9eec7eb6af69] received
[2024-11-06 10:47:22,716: INFO/MainProcess] Task Image Creation[34c54d71-7662-4709-aa71-9397fb2212a9] received
[2024-11-06 11:04:24,867: INFO/MainProcess] Task Image Creation[ebd57d64-9f4b-45d7-acd3-8485a51434be] received
[2024-11-06 11:07:46,510: INFO/MainProcess] Task Image Creation[a8f549aa-3f94-4c58-9a6a-31f66577406e] received
[2024-11-06 11:11:15,152: INFO/MainProcess] Task Image Creation[951795a4-b092-4e38-9230-76b35d368ba1] received
[2024-11-06 11:17:47,821: INFO/MainProcess] Task Image Creation[ca89ed86-c66a-4c12-984b-d11757313b7e] received
[2024-11-06 11:26:56,128: INFO/MainProcess] Task Image Creation[8dc4ae2c-9b77-4efe-915b-6e996f9e4c1c] received
[2024-11-06 11:30:23,275: INFO/MainProcess] Task Image Creation[fe559708-7054-464d-8474-474015bbf8cb] received
[2024-11-06 11:30:27,940: INFO/MainProcess] Task Image Creation[7dc2e3f7-8c15-44c8-aec6-4c558ae2f314] received
[2024-11-06 11:33:29,222: INFO/MainProcess] Task Image Creation[f61c491a-0152-46a1-b804-2d263d80771f] received
[2024-11-06 11:40:51,981: INFO/MainProcess] Task Image Creation[b868f2b8-3bff-47eb-aeb5-75efa30fdcc9] received
[2024-11-06 11:41:21,237: INFO/MainProcess] Task Image Creation[8225892c-5e18-41ad-b288-0bce1a9f6408] received
[2024-11-06 11:45:51,984: ERROR/MainProcess] Task handler raised error: TimeLimitExceeded(300.0)
Traceback (most recent call last):
  File "/usr/local/lib/python3.10/site-packages/billiard/pool.py", line 684, in on_hard_timeout
    raise TimeLimitExceeded(job._timeout)
billiard.einfo.ExceptionWithTraceback: 
"""
Traceback (most recent call last):
  File "/usr/local/lib/python3.10/site-packages/billiard/pool.py", line 684, in on_hard_timeout
    raise TimeLimitExceeded(job._timeout)
billiard.exceptions.TimeLimitExceeded: TimeLimitExceeded(300.0,)
"""
[2024-11-06 11:45:51,984: ERROR/MainProcess] Hard time limit (300.0s) exceeded for Image Creation[b868f2b8-3bff-47eb-aeb5-75efa30fdcc9]
[2024-11-06 11:45:52,088: ERROR/MainProcess] Process 'ForkPoolWorker-5' pid:489885 exited with 'signal 9 (SIGKILL)'
[2024-11-06 11:54:09,887: INFO/MainProcess] Task Image Creation[12f6a66d-d668-450a-8bb8-8f425fb665bb] received
[2024-11-06 12:01:21,370: INFO/MainProcess] Task Image Creation[65944fa9-beb1-417c-8ee7-5704b259524a] received
[2024-11-06 12:06:09,370: INFO/MainProcess] Task Image Creation[c5ea7499-d123-47b9-ba86-44bbf29ffb11] received
[2024-11-06 12:07:22,395: INFO/MainProcess] Task Image Creation[2e4ad2a7-01ee-417d-91ed-fa1016509824] received
[2024-11-06 12:12:22,542: INFO/MainProcess] Task Image Creation[f41bbb10-5e07-48cb-907c-c699cfbfdec7] received
[2024-11-06 12:18:32,095: INFO/MainProcess] Task Image Creation[23f1d77a-8914-4f24-8fd8-730cc302a19d] received
[2024-11-06 12:24:31,037: INFO/MainProcess] Task Image Creation[32988270-782e-408e-bd57-7a912dec41ca] received
[2024-11-06 12:28:00,372: INFO/MainProcess] Task Image Creation[90e91717-9742-416a-a2a6-b478738791d1] received
[2024-11-06 14:39:23,938: INFO/MainProcess] Task Image Creation[fc702c17-9dcb-4bbe-87c2-6fbf043cfe29] received
[2024-11-06 18:54:01,638: INFO/MainProcess] Task Image Creation[f8d0346f-63dd-43e7-ab6b-32b0bc7dad5f] received
[2024-11-08 12:27:45,545: INFO/MainProcess] Task Image Creation[f4dafe7e-49ab-434f-9a6b-56bbd2832f95] received
[2024-11-08 16:21:10,274: INFO/MainProcess] Task Image Creation[7f287c88-53cd-43c9-b67e-00a1e6d5f49f] received
[2024-11-08 16:22:47,358: INFO/MainProcess] Task Image Creation[3a81f3e4-5c07-42b8-9c2f-717eb67844d6] received
[2024-11-08 16:23:25,202: INFO/MainProcess] Task Image Creation[22343d21-c73b-4bc7-9660-111eb590921b] received
[2024-11-08 16:29:40,894: INFO/MainProcess] Task Image Creation[2d1b4504-66d0-410c-9509-e31b2aeac674] received
[2024-11-08 16:46:57,624: INFO/MainProcess] Task Image Creation[e6ff399c-208b-4823-8533-f77088d2e0e4] received
[2024-11-08 17:10:40,282: INFO/MainProcess] Task Image Creation[0b0f00d1-85ab-4a4e-b7bf-088fa5d26ebb] received
[2024-11-08 17:13:14,407: INFO/MainProcess] Task Image Creation[75e78817-1851-450b-8714-369323e6bd68] received
[2024-11-08 17:13:49,649: INFO/MainProcess] Task Image Creation[7fbe90b7-9acf-4b3b-a6d9-7b9a201731bd] received
[2024-11-08 17:18:51,037: INFO/MainProcess] Task Image Creation[87adc16d-f750-4659-978d-7fd4ec1191cb] received
[2024-11-08 18:15:31,044: INFO/MainProcess] Task Image Creation[154b2072-d7b8-4ef6-a9b8-24da0823d72e] received
[2024-11-08 18:18:42,142: INFO/MainProcess] Task Image Creation[549aadaf-71a8-4337-b9b6-67ba382cb937] received
[2024-11-08 18:21:24,075: INFO/MainProcess] Task Image Creation[20c80565-efab-4907-ab2c-453bdc5f3b42] received
[2024-11-08 18:26:56,863: INFO/MainProcess] Task Image Creation[af0fd9fc-d795-484d-81dd-3ebe49713530] received
[2024-11-08 21:11:56,057: INFO/MainProcess] Task Image Creation[771e57d9-9945-4de5-bb21-acbee0e1b187] received
[2024-11-08 21:15:30,095: INFO/MainProcess] Task Image Creation[2d01c145-b37c-4151-992c-71238e8c198c] received
[2024-11-08 21:23:30,047: INFO/MainProcess] Task Image Creation[ba3fa242-396b-49a5-867b-e01df72a7f64] received
[2024-11-08 21:29:59,515: INFO/MainProcess] Task Image Creation[f2fbdac9-847c-4f39-bf99-09defc138c18] received
[2024-11-08 21:31:44,602: INFO/MainProcess] Task Image Creation[30c353c4-bf68-4424-9811-777792f0a685] received
[2024-11-08 21:33:33,361: INFO/MainProcess] Task Image Creation[4786755c-7f26-45ff-b97f-c6dbcad80a0c] received
[2024-11-08 21:49:07,630: INFO/MainProcess] Task Image Creation[169d7d73-ae72-4605-ae86-878e55ac9b40] received
[2024-11-08 21:50:50,586: INFO/MainProcess] Task Image Creation[ca290994-871e-4cc0-af41-c7dcc8e89785] received
[2024-11-08 22:08:42,114: INFO/MainProcess] Task Image Creation[6a668d52-27ed-45dd-aef9-c883c289e6b6] received
[2024-11-08 22:09:15,078: INFO/MainProcess] Task Image Creation[9f427267-a826-44c0-80e4-f04b61356e35] received
[2024-11-08 22:10:18,937: INFO/MainProcess] Task Image Creation[507b2bca-4f11-4e0d-879e-a23a9f621765] received
[2024-11-08 22:11:05,725: INFO/MainProcess] Task Image Creation[abf1210b-05ee-4647-8a08-9813ebf3d028] received
[2024-11-09 10:21:47,563: INFO/MainProcess] Task Image Creation[fb4601ae-0871-44c0-99a8-9449dd83e57a] received
[2024-11-09 10:53:13,656: INFO/MainProcess] Task Image Creation[81b9d61a-e433-4c4b-8254-1098e71ab8fc] received
[2024-11-09 10:58:08,355: INFO/MainProcess] Task Image Creation[b80053af-1b09-45a1-9f3d-01601262438c] received
[2024-11-09 10:58:57,072: INFO/MainProcess] Task Image Creation[336be91d-30ed-41a3-944a-2788195b471d] received
[2024-11-09 11:09:02,306: INFO/MainProcess] Task Image Creation[3d834499-11a1-49b5-b8d3-e2ff0f4527e0] received
[2024-11-09 11:09:46,739: INFO/MainProcess] Task Image Creation[617dfc31-8eca-4a30-8ecc-aa8ff9cf37a8] received
[2024-11-09 11:13:16,357: INFO/MainProcess] Task Image Creation[ce6789d5-dc97-463e-b518-340487d0b68c] received
[2024-11-09 11:17:24,418: INFO/MainProcess] Task Image Creation[25c782ff-450c-4965-bc74-174243b03a34] received
[2024-11-09 11:27:21,849: INFO/MainProcess] Task Image Creation[8c8b3876-0cc9-4f92-978d-99adc4b316a2] received
[2024-11-09 13:57:11,602: INFO/MainProcess] Task Image Creation[badc3d83-60d6-4c94-9420-ad93b282ad95] received
[2024-11-09 14:22:17,408: INFO/MainProcess] Task Image Creation[323e1407-36d4-4dda-b4c5-90b126d0ffa5] received
[2024-11-09 14:51:03,702: INFO/MainProcess] Task Image Creation[38810849-eef7-4a24-a52b-7af7c0338141] received
[2024-11-09 14:51:27,591: INFO/MainProcess] Task Image Creation[41b806b1-8324-477b-96b1-81413d3b2efb] received
[2024-11-09 14:51:53,205: INFO/MainProcess] Task Image Creation[2bc05310-9e46-41c7-be7f-e1dd32d7e1a4] received
[2024-11-09 14:52:13,695: INFO/MainProcess] Task Image Creation[e9871b4b-0fb5-4868-9523-7dc3edcbe727] received
[2024-11-09 14:52:33,863: INFO/MainProcess] Task Image Creation[5b44fd05-5fb5-4111-bec3-324743cd69a6] received
[2024-11-09 14:52:58,407: INFO/MainProcess] Task Image Creation[4386dfcd-f9bf-4745-9391-ff4237c49f15] received
[2024-11-09 14:53:21,088: INFO/MainProcess] Task Image Creation[84a8413d-0e5c-4f88-950f-fd7d978e53e1] received
[2024-11-09 14:53:43,219: INFO/MainProcess] Task Image Creation[1df4314f-e65f-4f39-94a8-046cae705345] received
[2024-11-09 14:54:05,372: INFO/MainProcess] Task Image Creation[ccac1aa2-9e9e-4d29-90f1-4c6b6b69a1a1] received
[2024-11-09 16:30:10,006: INFO/MainProcess] Task Image Creation[34031b6d-0e4f-4517-a77c-07fb93ea2eab] received
[2024-11-09 16:32:19,300: INFO/MainProcess] Task Image Creation[ed4630e6-11f7-4dd0-a33a-189979f3fd4b] received
[2024-11-09 16:33:05,710: INFO/MainProcess] Task Image Creation[7d1fb91f-9ecb-4025-9453-72e64f115711] received
[2024-11-09 16:34:18,116: INFO/MainProcess] Task Image Creation[1b19b533-cba3-4cf3-9264-091195d1a08b] received
[2024-11-09 20:22:46,378: INFO/MainProcess] Task Image Creation[69b88a52-5ab3-415b-80b8-90ed620c3f07] received
[2024-11-09 20:23:38,864: INFO/MainProcess] Task Image Creation[664c116c-c2e3-4834-a6ee-a9001840c463] received
[2024-11-09 20:25:09,692: INFO/MainProcess] Task Image Creation[75148b3c-415e-4053-bb1e-8bf334cbdbf2] received
[2024-11-09 20:26:16,506: INFO/MainProcess] Task Image Creation[e8380ccf-7d04-46ce-b1fe-01f797260fc7] received
[2024-11-09 20:27:14,056: INFO/MainProcess] Task Image Creation[6f468828-0d25-49b3-b347-1852873727d2] received
[2024-11-09 20:27:49,790: INFO/MainProcess] Task Image Creation[62ad2536-3a7c-45e5-b277-e5c3ba9ff6c1] received
[2024-11-09 20:28:22,285: INFO/MainProcess] Task Image Creation[101db243-00d4-4e0b-8c96-1e6f8668f4ca] received
[2024-11-09 20:29:04,450: INFO/MainProcess] Task Image Creation[8c67357c-9da8-4730-8643-f880f33fe813] received
[2024-11-09 20:29:35,275: INFO/MainProcess] Task Image Creation[75c0e842-d4e0-43b4-808c-fd0e60116416] received
[2024-11-09 20:31:05,938: INFO/MainProcess] Task Image Creation[fc6ab23c-9cb2-4ba1-acc9-3e2b470345ba] received
[2024-11-09 20:31:35,488: INFO/MainProcess] Task Image Creation[f69ae34b-d553-417f-a2b0-c599071eb493] received
[2024-11-09 20:32:46,879: INFO/MainProcess] Task Image Creation[dc52f0e5-97ef-42ae-bc5f-8a6e0f8dd584] received
[2024-11-09 20:33:44,238: INFO/MainProcess] Task Image Creation[755028c5-42c1-45e5-b62e-f4215d69cfb8] received
[2024-11-09 21:53:55,629: INFO/MainProcess] Task Image Creation[a3b807a2-3f2f-471c-ba9c-fc304cb48345] received
[2024-11-09 21:55:58,819: INFO/MainProcess] Task Image Creation[b7f0c6c8-18f9-4733-8fcf-bac94fb0a5ca] received
[2024-11-09 21:58:45,838: INFO/MainProcess] Task Image Creation[583b085c-75af-410e-bf61-4991c5342c24] received
[2024-11-09 21:59:56,236: INFO/MainProcess] Task Image Creation[aff9abb5-fdad-4942-af99-f1a74ccf0236] received
[2024-11-09 22:00:59,485: INFO/MainProcess] Task Image Creation[db45e740-ff27-4c7c-9960-acf03ff44098] received
[2024-11-09 22:02:09,172: INFO/MainProcess] Task Image Creation[f9aa6433-5a5f-45d2-a048-b63698f043fa] received
[2024-11-09 22:24:57,452: INFO/MainProcess] Task Image Creation[d633bc71-328b-4e8a-afd7-7d51da57fbad] received
[2024-11-09 22:25:28,551: INFO/MainProcess] Task Image Creation[deb2f632-a2e0-4cc3-a2c8-f65c6cf12c6e] received
[2024-11-09 22:25:51,897: INFO/MainProcess] Task Image Creation[d2cf7b0c-72a2-4df4-b7d8-382f9d18b5ac] received
[2024-11-09 22:26:21,126: INFO/MainProcess] Task Image Creation[a2937a24-9bf7-4272-bac3-6c144397df51] received
[2024-11-09 22:27:25,796: INFO/MainProcess] Task Image Creation[ba119e63-2dc3-45d4-ba64-9cd12e60f7cf] received
[2024-11-09 22:28:29,125: INFO/MainProcess] Task Image Creation[21c438ad-b41e-4524-9071-520790d5820f] received
[2024-11-09 22:29:35,657: INFO/MainProcess] Task Image Creation[62ee10d1-40de-47c9-a5e3-de0a47ba6c58] received
[2024-11-09 22:30:34,193: INFO/MainProcess] Task Image Creation[f44769cf-355f-47dc-a50a-f2987eaa36af] received
[2024-11-09 22:31:14,200: INFO/MainProcess] Task Image Creation[2d9e7169-67bf-4c91-9c15-49524a9c81fa] received
[2024-11-09 22:33:14,304: INFO/MainProcess] Task Image Creation[c77fbacc-5eba-4482-ba42-683cd7f698e5] received
[2024-11-09 22:36:38,747: INFO/MainProcess] Task Image Creation[27a80267-bd0c-4d35-81d6-df5ac8c005c1] received
[2024-11-09 22:39:03,782: INFO/MainProcess] Task Image Creation[e4503303-d4f9-446b-b9ff-942bb155326d] received
[2024-11-09 22:41:21,447: INFO/MainProcess] Task Image Creation[d79e12f2-7d34-41f1-8a14-7a6f3c9666c4] received
[2024-11-10 22:31:56,723: INFO/MainProcess] Task Image Creation[d1157b4c-8349-4f68-a49e-42119d4e66ef] received
[2024-11-10 22:32:30,025: INFO/MainProcess] Task Image Creation[49790e64-46ab-4ab0-8f96-60dff5a36946] received
[2024-11-10 22:33:55,627: INFO/MainProcess] Task Image Creation[fb988ce1-d2af-484f-b4d8-013efc72890f] received
[2024-11-10 22:34:23,055: INFO/MainProcess] Task Image Creation[dd5c30e3-ca19-43b4-9a14-d769fb1b3546] received
[2024-11-10 22:34:50,458: INFO/MainProcess] Task Image Creation[b0e3ede6-043f-43fc-bf66-a4e29455a6a8] received
[2024-11-10 22:35:19,965: INFO/MainProcess] Task Image Creation[8f2e95d5-de9d-488a-ba2d-b83965183eba] received
[2024-11-10 22:39:35,120: INFO/MainProcess] Task Image Creation[03f349e2-8815-45a2-990b-d11ea843dc16] received
[2024-11-10 22:40:05,842: INFO/MainProcess] Task Image Creation[ffd9e276-7b2a-49c8-b420-9e3d9a2fdf06] received
[2024-11-10 22:40:39,463: INFO/MainProcess] Task Image Creation[0e00a723-792c-4888-9328-fee5eac259e9] received
[2024-11-11 08:59:02,247: INFO/MainProcess] Task Image Creation[6700dede-8e78-4fd8-beed-57f3ddd212ac] received
[2024-11-11 09:03:29,087: INFO/MainProcess] Task Face Swap[afb145bc-f9c8-43dc-b371-31bbe6eba27b] received
[2024-11-11 09:05:43,410: INFO/MainProcess] Task Face Swap[bd8d387e-b7fc-4a9d-b0a0-95c38ce258fd] received
[2024-11-11 09:06:31,451: INFO/MainProcess] Task Image Upscale[f6744fe4-ea27-4eb3-a9a2-b6d105e1315d] received
[2024-11-11 09:12:30,853: INFO/MainProcess] Task Image Upscale[c19a24d3-0e3b-4541-809a-bcd0847a9f48] received
[2024-11-11 09:17:23,277: INFO/MainProcess] Task Face Swap[d3089450-2e9f-46f4-9067-b285380d0b83] received
[2024-11-11 11:19:17,445: INFO/MainProcess] Task Image Creation[c1b1b6e3-bcc8-4fca-93e3-4243608e9928] received
[2024-11-11 13:19:46,772: INFO/MainProcess] Task Image Creation[e78e125e-4559-4983-95ff-418f7ef68fa6] received
[2024-11-11 13:20:16,856: INFO/MainProcess] Task Image Creation[5d575a61-7695-4643-823f-d6c7f69a97dc] received
[2024-11-11 13:56:48,620: INFO/MainProcess] Task Image Creation[ae90c498-8c60-47c6-bb3d-82de4589788f] received
[2024-11-11 13:57:51,141: INFO/MainProcess] Task Image Creation[da3d72d8-f796-4094-a0a5-a4b3fe7a8ef3] received
[2024-11-11 14:22:51,657: INFO/MainProcess] Task Image Creation[1ede525f-d0a6-4c8f-97d1-5538ae26cb3a] received
[2024-11-11 14:23:17,476: INFO/MainProcess] Task Image Creation[d5030b7c-8017-4f5e-8999-e47cf236aa96] received
[2024-11-11 14:25:24,275: INFO/MainProcess] Task Image Creation[478412c7-a253-4c63-9527-4cc8f116f812] received
[2024-11-11 14:25:53,707: INFO/MainProcess] Task Image Creation[4b16c5ed-71e4-45a3-a1b7-cc8923ee28fa] received
