[2024-10-08 18:49:12,999: INFO/ForkPoolWorker-2] 开始执行Image Creation任务,ticket_id: 5834f881-a866-4781-87ea-b4f12a489a64, serv_name: serv_59973
[2024-10-08 18:49:13,031: INFO/ForkPoolWorker-2] 服务器 serv_59973 在线，可以执行任务: ticket_id=5834f881-a866-4781-87ea-b4f12a489a64
[2024-10-08 18:49:13,066: INFO/ForkPoolWorker-2] 成功更新任务状态: ticket_id=5834f881-a866-4781-87ea-b4f12a489a64, status=In Progress
[2024-10-08 18:49:13,066: INFO/ForkPoolWorker-2] 任务状态更新为In Progress: ticket_id=5834f881-a866-4781-87ea-b4f12a489a64
[2024-10-08 18:50:28,840: INFO/ForkPoolWorker-2] 成功更新任务状态: ticket_id=5834f881-a866-4781-87ea-b4f12a489a64, status=Completed
[2024-10-08 18:50:28,840: INFO/ForkPoolWorker-2] Image Creation任务完成: ticket_id=5834f881-a866-4781-87ea-b4f12a489a64
[2024-10-08 18:50:28,842: INFO/ForkPoolWorker-2] Task Image Creation[5834f881-a866-4781-87ea-b4f12a489a64] succeeded in 75.84338125999784s: {'image_urls': ['image_creation/21/bb1547ae-1b84-49ca-a559-d68f481ea835.jpg', 'image_creation/21/6a83a938-8910-429f-a87a-ad614e2a20f9.jpg', 'image_creation/21/d2175e08-003e-4b5a-a81d-89ec38288170.jpg', 'image_creation/21/d9d06c5c-dfde-4c56-8839-85812ca5e88b.jpg']}
[2024-10-14 13:28:18,212: INFO/ForkPoolWorker-2] 开始执行Image Creation任务,ticket_id: 1599424e-7b65-4dd4-9b90-8626445bacd4, serv_name: serv_59973
[2024-10-14 13:28:18,243: INFO/ForkPoolWorker-2] 服务器 serv_59973 在线，可以执行任务: ticket_id=1599424e-7b65-4dd4-9b90-8626445bacd4
[2024-10-14 13:28:18,287: INFO/ForkPoolWorker-2] 成功更新任务状态: ticket_id=1599424e-7b65-4dd4-9b90-8626445bacd4, status=In Progress
[2024-10-14 13:28:18,287: INFO/ForkPoolWorker-2] 任务状态更新为In Progress: ticket_id=1599424e-7b65-4dd4-9b90-8626445bacd4
[2024-10-14 13:29:31,890: INFO/ForkPoolWorker-2] 成功更新任务状态: ticket_id=1599424e-7b65-4dd4-9b90-8626445bacd4, status=Completed
[2024-10-14 13:29:31,890: INFO/ForkPoolWorker-2] Image Creation任务完成: ticket_id=1599424e-7b65-4dd4-9b90-8626445bacd4
[2024-10-14 13:29:31,893: INFO/ForkPoolWorker-2] Task Image Creation[1599424e-7b65-4dd4-9b90-8626445bacd4] succeeded in 73.68104194302578s: {'image_urls': ['image_creation/20/eb11a426-c083-47c2-8844-4433838d184b.jpg', 'image_creation/20/40a6a061-4597-4695-a6c4-5e8a11a64451.jpg', 'image_creation/20/1b26908b-59a9-4289-a018-c78ea9c38288.jpg', 'image_creation/20/2556aaf8-2d01-4e42-b8aa-a2eb622527ba.jpg']}
[2024-10-23 13:09:12,567: INFO/ForkPoolWorker-2] 开始执行Image Creation任务,ticket_id: 42b7aec3-5803-4ba2-901f-59326fde2851, serv_name: serv_59973
[2024-10-23 13:09:12,601: INFO/ForkPoolWorker-2] 服务器 serv_59973 在线，可以执行任务: ticket_id=42b7aec3-5803-4ba2-901f-59326fde2851
[2024-10-23 13:09:12,643: INFO/ForkPoolWorker-2] 成功更新任务状态: ticket_id=42b7aec3-5803-4ba2-901f-59326fde2851, status=In Progress
[2024-10-23 13:09:12,643: INFO/ForkPoolWorker-2] 任务状态更新为In Progress: ticket_id=42b7aec3-5803-4ba2-901f-59326fde2851
[2024-10-30 12:27:06,096: INFO/ForkPoolWorker-3] 开始执行Image Upscale任务,ticket_id: bb5a916b-46eb-4164-9ef5-2f55ef22687d, serv_name: serv_59973
[2024-10-30 12:27:06,127: INFO/ForkPoolWorker-3] 服务器 serv_59973 在线，可以执行任务: ticket_id=bb5a916b-46eb-4164-9ef5-2f55ef22687d
[2024-10-30 12:27:06,166: INFO/ForkPoolWorker-3] 成功更新任务状态: ticket_id=bb5a916b-46eb-4164-9ef5-2f55ef22687d, status=In Progress
[2024-10-30 12:27:06,166: INFO/ForkPoolWorker-3] 任务状态更新为In Progress: ticket_id=bb5a916b-46eb-4164-9ef5-2f55ef22687d
[2024-10-30 12:28:45,396: INFO/ForkPoolWorker-3] 成功更新任务状态: ticket_id=bb5a916b-46eb-4164-9ef5-2f55ef22687d, status=Completed
[2024-10-30 12:28:45,397: INFO/ForkPoolWorker-3] Image Upscale任务完成: ticket_id=bb5a916b-46eb-4164-9ef5-2f55ef22687d
[2024-10-30 12:28:45,399: INFO/ForkPoolWorker-3] Task Image Upscale[bb5a916b-46eb-4164-9ef5-2f55ef22687d] succeeded in 99.30268362117931s: {'image_urls': ['image_upscale/22/e0a4e0c1-4f56-4ad5-b78e-681468d8a64d.jpg']}
[2024-11-02 12:10:59,626: INFO/ForkPoolWorker-3] 开始执行Image Creation任务,ticket_id: 7dd7eb18-1992-49fb-8002-6c671aa3a908, serv_name: serv_59973
[2024-11-02 12:10:59,658: INFO/ForkPoolWorker-3] 服务器 serv_59973 在线，可以执行任务: ticket_id=7dd7eb18-1992-49fb-8002-6c671aa3a908
[2024-11-02 12:10:59,702: INFO/ForkPoolWorker-3] 成功更新任务状态: ticket_id=7dd7eb18-1992-49fb-8002-6c671aa3a908, status=In Progress
[2024-11-02 12:10:59,702: INFO/ForkPoolWorker-3] 任务状态更新为In Progress: ticket_id=7dd7eb18-1992-49fb-8002-6c671aa3a908
[2024-11-02 12:14:04,130: INFO/ForkPoolWorker-3] 成功更新任务状态: ticket_id=7dd7eb18-1992-49fb-8002-6c671aa3a908, status=Completed
[2024-11-02 12:14:04,130: INFO/ForkPoolWorker-3] Image Creation任务完成: ticket_id=7dd7eb18-1992-49fb-8002-6c671aa3a908
[2024-11-02 12:14:04,131: INFO/ForkPoolWorker-3] Task Image Creation[7dd7eb18-1992-49fb-8002-6c671aa3a908] succeeded in 184.505028096959s: {'image_urls': ['image_creation/23/9e52e721-fd39-4e3c-9d14-7da1f5c4f8cf.jpg', 'image_creation/23/12e2554e-48a2-4833-ad21-a33845a3ec71.jpg', 'image_creation/23/8b71e9b5-dcbd-40ca-b401-bae7fa8077b9.jpg', 'image_creation/23/aeed883b-8a32-49f1-8137-9a288fafe35a.jpg']}
[2024-11-02 20:18:50,972: INFO/ForkPoolWorker-3] 开始执行Image Creation任务,ticket_id: 7934c2ef-04c7-42b7-bf3f-de18a1354f9c, serv_name: serv_59973
[2024-11-02 20:18:51,024: INFO/ForkPoolWorker-3] 服务器 serv_59973 在线，可以执行任务: ticket_id=7934c2ef-04c7-42b7-bf3f-de18a1354f9c
[2024-11-02 20:18:51,061: INFO/ForkPoolWorker-3] 成功更新任务状态: ticket_id=7934c2ef-04c7-42b7-bf3f-de18a1354f9c, status=In Progress
[2024-11-02 20:18:51,062: INFO/ForkPoolWorker-3] 任务状态更新为In Progress: ticket_id=7934c2ef-04c7-42b7-bf3f-de18a1354f9c
[2024-11-02 20:21:57,878: INFO/ForkPoolWorker-3] 成功更新任务状态: ticket_id=7934c2ef-04c7-42b7-bf3f-de18a1354f9c, status=Completed
[2024-11-02 20:21:57,878: INFO/ForkPoolWorker-3] Image Creation任务完成: ticket_id=7934c2ef-04c7-42b7-bf3f-de18a1354f9c
[2024-11-02 20:21:57,879: INFO/ForkPoolWorker-3] Task Image Creation[7934c2ef-04c7-42b7-bf3f-de18a1354f9c] succeeded in 186.90718017099425s: {'image_urls': ['image_creation/23/b6d3c6f9-3553-4a2a-abc5-1176aeb59b5b.jpg', 'image_creation/23/fe82c333-c533-4e2e-a2b1-2f9ab277016a.jpg', 'image_creation/23/c3db9736-d928-4440-a07f-34a5bb8084f1.jpg', 'image_creation/23/96e86ffe-7b80-4617-9ad6-7d179cd6c0ba.jpg']}
[2024-11-04 22:03:23,699: INFO/ForkPoolWorker-3] 开始执行Image Creation任务,ticket_id: 98164ee1-244b-4d45-afdb-2dc3cdddfeff, serv_name: serv_59973
[2024-11-04 22:03:23,727: INFO/ForkPoolWorker-3] 服务器 serv_59973 在线，可以执行任务: ticket_id=98164ee1-244b-4d45-afdb-2dc3cdddfeff
[2024-11-04 22:03:23,765: INFO/ForkPoolWorker-3] 成功更新任务状态: ticket_id=98164ee1-244b-4d45-afdb-2dc3cdddfeff, status=In Progress
[2024-11-04 22:03:23,765: INFO/ForkPoolWorker-3] 任务状态更新为In Progress: ticket_id=98164ee1-244b-4d45-afdb-2dc3cdddfeff
[2024-11-04 22:04:23,786: INFO/ForkPoolWorker-3] 成功更新任务状态: ticket_id=98164ee1-244b-4d45-afdb-2dc3cdddfeff, status=Completed
[2024-11-04 22:04:23,786: INFO/ForkPoolWorker-3] Image Creation任务完成: ticket_id=98164ee1-244b-4d45-afdb-2dc3cdddfeff
[2024-11-04 22:04:23,787: INFO/ForkPoolWorker-3] Task Image Creation[98164ee1-244b-4d45-afdb-2dc3cdddfeff] succeeded in 60.08865893492475s: {'image_urls': ['image_creation/1000/1d2cf142-3442-4815-96d5-7d6475cabb7a.jpg', 'image_creation/1000/8eb5466b-156a-4434-bebf-af283b541027.jpg', 'image_creation/1000/c7540ecf-9450-40f2-9c20-f43bbac7854b.jpg', 'image_creation/1000/6901f69e-9391-4611-a2fd-49cca0447f94.jpg']}
[2024-11-05 12:52:38,529: INFO/ForkPoolWorker-3] 开始执行Image Creation任务,ticket_id: ae09076c-7122-4931-aa97-ffc9468b51cd, serv_name: serv_59973
[2024-11-05 12:52:38,558: INFO/ForkPoolWorker-3] 服务器 serv_59973 在线，可以执行任务: ticket_id=ae09076c-7122-4931-aa97-ffc9468b51cd
[2024-11-05 12:52:38,586: INFO/ForkPoolWorker-3] 成功更新任务状态: ticket_id=ae09076c-7122-4931-aa97-ffc9468b51cd, status=In Progress
[2024-11-05 12:52:38,586: INFO/ForkPoolWorker-3] 任务状态更新为In Progress: ticket_id=ae09076c-7122-4931-aa97-ffc9468b51cd
[2024-11-05 12:53:20,395: INFO/ForkPoolWorker-3] 成功更新任务状态: ticket_id=ae09076c-7122-4931-aa97-ffc9468b51cd, status=Completed
[2024-11-05 12:53:20,395: INFO/ForkPoolWorker-3] Image Creation任务完成: ticket_id=ae09076c-7122-4931-aa97-ffc9468b51cd
[2024-11-05 12:53:20,396: INFO/ForkPoolWorker-3] Task Image Creation[ae09076c-7122-4931-aa97-ffc9468b51cd] succeeded in 41.86723734997213s: {'image_urls': ['image_creation/1000/21ec1fdd-d885-4848-8fec-bcce192bd633.jpg', 'image_creation/1000/8aee249d-9e7a-420e-a393-12715bb6bc22.jpg', 'image_creation/1000/e8fcdd46-7371-448a-8140-4bb8234657db.jpg', 'image_creation/1000/4d4281d7-18ef-4e04-a5df-c4bf24221a1f.jpg']}
[2024-11-06 11:30:27,941: INFO/ForkPoolWorker-3] 开始执行Image Creation任务,ticket_id: 7dc2e3f7-8c15-44c8-aec6-4c558ae2f314, serv_name: serv_59973
[2024-11-06 11:30:27,969: INFO/ForkPoolWorker-3] 服务器 serv_59973 在线，可以执行任务: ticket_id=7dc2e3f7-8c15-44c8-aec6-4c558ae2f314
[2024-11-06 11:30:28,008: INFO/ForkPoolWorker-3] 成功更新任务状态: ticket_id=7dc2e3f7-8c15-44c8-aec6-4c558ae2f314, status=In Progress
[2024-11-06 11:30:28,008: INFO/ForkPoolWorker-3] 任务状态更新为In Progress: ticket_id=7dc2e3f7-8c15-44c8-aec6-4c558ae2f314
[2024-11-06 11:31:08,545: INFO/ForkPoolWorker-3] 成功更新任务状态: ticket_id=7dc2e3f7-8c15-44c8-aec6-4c558ae2f314, status=Completed
[2024-11-06 11:31:08,545: INFO/ForkPoolWorker-3] Image Creation任务完成: ticket_id=7dc2e3f7-8c15-44c8-aec6-4c558ae2f314
[2024-11-06 11:31:08,546: INFO/ForkPoolWorker-3] Task Image Creation[7dc2e3f7-8c15-44c8-aec6-4c558ae2f314] succeeded in 40.60586989391595s: {'image_urls': ['image_creation/1000/813ef878-f1bf-4c0f-a89e-7df24f7c6642.jpg', 'image_creation/1000/bf4fd0c7-658c-4eec-ae12-48f3e47daf6d.jpg', 'image_creation/1000/3608da63-9196-48df-a29f-50a3558bb2ee.jpg', 'image_creation/1000/4a78c075-591f-4219-9b1f-f96c64e41985.jpg']}
[2024-11-06 11:41:21,238: INFO/ForkPoolWorker-3] 开始执行Image Creation任务,ticket_id: 8225892c-5e18-41ad-b288-0bce1a9f6408, serv_name: serv_59973
[2024-11-06 11:41:21,267: INFO/ForkPoolWorker-3] 服务器 serv_59973 在线，可以执行任务: ticket_id=8225892c-5e18-41ad-b288-0bce1a9f6408
[2024-11-06 11:41:21,297: INFO/ForkPoolWorker-3] 成功更新任务状态: ticket_id=8225892c-5e18-41ad-b288-0bce1a9f6408, status=In Progress
[2024-11-06 11:41:21,297: INFO/ForkPoolWorker-3] 任务状态更新为In Progress: ticket_id=8225892c-5e18-41ad-b288-0bce1a9f6408
[2024-11-06 11:41:58,633: INFO/ForkPoolWorker-3] 成功更新任务状态: ticket_id=8225892c-5e18-41ad-b288-0bce1a9f6408, status=Completed
[2024-11-06 11:41:58,633: INFO/ForkPoolWorker-3] Image Creation任务完成: ticket_id=8225892c-5e18-41ad-b288-0bce1a9f6408
[2024-11-06 11:41:58,634: INFO/ForkPoolWorker-3] Task Image Creation[8225892c-5e18-41ad-b288-0bce1a9f6408] succeeded in 37.396244975272566s: {'image_urls': ['image_creation/1000/846877ed-e13b-4b33-937a-0c71bcf0c5b9.jpg', 'image_creation/1000/60079849-14db-4f58-934e-98b19631cfa1.jpg', 'image_creation/1000/b15da283-8360-431a-a938-99f688668445.jpg', 'image_creation/1000/34e9beea-b0c4-4e8f-a632-cb438abaa1ca.jpg']}
